<?xml version="1.0" encoding="UTF-8"?>
<!-- Generated by org.testng.reporters.JUnitXMLReporter -->
<testsuite ignored="2" hostname="E0881323" failures="0" tests="3" name="Surefire test" time="16.772" errors="0" timestamp="2024-01-23T13:23:25 EET">
  <testcase classname="com.qacart.todo.testcases.LoginTest" name="shouldBeAbleToLoginWithEmailAndPassword" time="2.587"/>
  <testcase classname="com.qacart.todo.testcases.TodoTest" name="shouldBeAbleToAddToDo" time="9.819"/>
  <testcase classname="com.qacart.todo.testcases.TodoTest" name="shouldBeAbleToDelete" time="9.915"/>
  <testcase classname="com.qacart.todo.testcases.TodoTest" name="uiShouldBeDisplayedWellAndBackButtonShouldWorkCorrectly" time="0.0">
    <ignored/>
  </testcase> <!-- uiShouldBeDisplayedWellAndBackButtonShouldWorkCorrectly -->
  <testcase classname="com.qacart.todo.testcases.LoginTest" name="loginPageShouldBeDisplayedAsExpected" time="0.0">
    <ignored/>
  </testcase> <!-- loginPageShouldBeDisplayedAsExpected -->
</testsuite> <!-- Surefire test -->
