<?xml version="1.0" encoding="UTF-8"?>
<testng-results ignored="0" total="3" passed="3" failed="0" skipped="0">
  <reporter-output>
  </reporter-output>
  <suite started-at="2024-01-23T13:23:08 EET" name="Surefire suite" finished-at="2024-01-23T13:23:25 EET" duration-ms="16772">
    <groups>
    </groups>
    <test started-at="2024-01-23T13:23:08 EET" name="Surefire test" finished-at="2024-01-23T13:23:25 EET" duration-ms="16772">
      <class name="com.qacart.todo.testcases.LoginTest">
        <test-method is-config="true" signature="driverSetup()[pri:0, instance:com.qacart.todo.testcases.LoginTest@3cae7b8b]" started-at="2024-01-23T13:23:08 EET" name="driverSetup" finished-at="2024-01-23T13:23:16 EET" duration-ms="7940" status="PASS">
          <reporter-output>
          </reporter-output>
        </test-method> <!-- driverSetup -->
        <test-method signature="shouldBeAbleToLoginWithEmailAndPassword()[pri:0, instance:com.qacart.todo.testcases.LoginTest@3cae7b8b]" started-at="2024-01-23T13:23:16 EET" name="shouldBeAbleToLoginWithEmailAndPassword" description="Should login using email and password" finished-at="2024-01-23T13:23:19 EET" duration-ms="2587" status="PASS">
          <reporter-output>
          </reporter-output>
        </test-method> <!-- shouldBeAbleToLoginWithEmailAndPassword -->
        <test-method is-config="true" signature="driverTeardown(org.testng.ITestResult)[pri:0, instance:com.qacart.todo.testcases.LoginTest@3cae7b8b]" started-at="2024-01-23T13:23:19 EET" name="driverTeardown" finished-at="2024-01-23T13:23:20 EET" duration-ms="878" status="PASS">
          <params>
            <param index="0">
              <value>
                <![CDATA[[TestResult name=shouldBeAbleToLoginWithEmailAndPassword status=SUCCESS method=LoginTest.shouldBeAbleToLoginWithEmailAndPassword()[pri:0, instance:com.qacart.todo.testcases.LoginTest@3cae7b8b] output={null}]]]>
              </value>
            </param>
          </params>
          <reporter-output>
          </reporter-output>
        </test-method> <!-- driverTeardown -->
      </class> <!-- com.qacart.todo.testcases.LoginTest -->
      <class name="com.qacart.todo.testcases.TodoTest">
        <test-method is-config="true" signature="driverSetup()[pri:0, instance:com.qacart.todo.testcases.TodoTest@184dbacc]" started-at="2024-01-23T13:23:08 EET" name="driverSetup" finished-at="2024-01-23T13:23:14 EET" duration-ms="6070" status="PASS">
          <reporter-output>
          </reporter-output>
        </test-method> <!-- driverSetup -->
        <test-method is-config="true" signature="driverSetup()[pri:0, instance:com.qacart.todo.testcases.TodoTest@184dbacc]" started-at="2024-01-23T13:23:08 EET" name="driverSetup" finished-at="2024-01-23T13:23:14 EET" duration-ms="6100" status="PASS">
          <reporter-output>
          </reporter-output>
        </test-method> <!-- driverSetup -->
        <test-method signature="shouldBeAbleToAddToDo()[pri:0, instance:com.qacart.todo.testcases.TodoTest@184dbacc]" started-at="2024-01-23T13:23:14 EET" name="shouldBeAbleToAddToDo" description="Should be able to add new todo correctly" finished-at="2024-01-23T13:23:24 EET" duration-ms="9819" status="PASS">
          <reporter-output>
          </reporter-output>
        </test-method> <!-- shouldBeAbleToAddToDo -->
        <test-method signature="shouldBeAbleToDelete()[pri:0, instance:com.qacart.todo.testcases.TodoTest@184dbacc]" started-at="2024-01-23T13:23:14 EET" name="shouldBeAbleToDelete" description="Should be able to delete todo correctly" finished-at="2024-01-23T13:23:24 EET" duration-ms="9915" status="PASS">
          <reporter-output>
          </reporter-output>
        </test-method> <!-- shouldBeAbleToDelete -->
        <test-method is-config="true" signature="driverTeardown(org.testng.ITestResult)[pri:0, instance:com.qacart.todo.testcases.TodoTest@184dbacc]" started-at="2024-01-23T13:23:24 EET" name="driverTeardown" finished-at="2024-01-23T13:23:24 EET" duration-ms="437" status="PASS">
          <params>
            <param index="0">
              <value>
                <![CDATA[[TestResult name=shouldBeAbleToAddToDo status=SUCCESS method=TodoTest.shouldBeAbleToAddToDo()[pri:0, instance:com.qacart.todo.testcases.TodoTest@184dbacc] output={null}]]]>
              </value>
            </param>
          </params>
          <reporter-output>
          </reporter-output>
        </test-method> <!-- driverTeardown -->
        <test-method is-config="true" signature="driverTeardown(org.testng.ITestResult)[pri:0, instance:com.qacart.todo.testcases.TodoTest@184dbacc]" started-at="2024-01-23T13:23:24 EET" name="driverTeardown" finished-at="2024-01-23T13:23:25 EET" duration-ms="467" status="PASS">
          <params>
            <param index="0">
              <value>
                <![CDATA[[TestResult name=shouldBeAbleToDelete status=SUCCESS method=TodoTest.shouldBeAbleToDelete()[pri:0, instance:com.qacart.todo.testcases.TodoTest@184dbacc] output={null}]]]>
              </value>
            </param>
          </params>
          <reporter-output>
          </reporter-output>
        </test-method> <!-- driverTeardown -->
      </class> <!-- com.qacart.todo.testcases.TodoTest -->
    </test> <!-- Surefire test -->
  </suite> <!-- Surefire suite -->
</testng-results>
