<?xml version="1.0" encoding="UTF-8"?>
<testsuite xmlns:xsi="http://www.w3.org/2001/XMLSchema-instance" xsi:noNamespaceSchemaLocation="https://maven.apache.org/surefire/maven-surefire-plugin/xsd/surefire-test-report-3.0.xsd" version="3.0" name="TestSuite" time="18.145" tests="3" errors="0" skipped="0" failures="0">
  <properties>
[...]
</properties>
  <testcase name="shouldBeAbleToLoginWithEmailAndPassword" classname="com.qacart.todo.testcases.LoginTest" time="2.6">
    <system-err><![CDATA[SLF4J: No SLF4J providers were found.
SLF4J: Defaulting to no-operation (NOP) logger implementation
SLF4J: See https://www.slf4j.org/codes.html#noProviders for further details.
]]></system-err>
  </testcase>
  <testcase name="shouldBeAbleToAddToDo" classname="com.qacart.todo.testcases.TodoTest" time="7.979">
    <system-out><![CDATA[HTTP/1.1 201 Created
Server: Cowboy
Report-To: {"group":"heroku-nel","max_age":3600,"endpoints":[{"url":"https://nel.heroku.com/reports?ts=1706009002&sid=812dcc77-0bd0-43b1-a5f1-b25750382959&s=ytUYI4uvWx%2B%2BwdyH3rIpbhqvAXDlhJ4hbMAEY4UKKp8%3D"}]}
Reporting-Endpoints: heroku-nel=https://nel.heroku.com/reports?ts=1706009002&sid=812dcc77-0bd0-43b1-a5f1-b25750382959&s=ytUYI4uvWx%2B%2BwdyH3rIpbhqvAXDlhJ4hbMAEY4UKKp8%3D
Nel: {"report_to":"heroku-nel","max_age":3600,"success_fraction":0.005,"failure_fraction":0.05,"response_headers":["Via"]}
Connection: keep-alive
X-Powered-By: Express
Access-Control-Allow-Origin: *
Content-Type: application/json; charset=utf-8
Content-Length: 161
Etag: W/"a1-pB0AL7Z51HIMpHphW/v8XXLksbw"
Date: Tue, 23 Jan 2024 11:23:22 GMT
Via: 1.1 vegur

{
    "isCompleted": false,
    "_id": "65afa1aaa8908e00140a2729",
    "item": "Learn Selenium",
    "userID": "65afa1a8a8908e00140a2727",
    "createdAt": "2024-01-23T11:23:22.783Z",
    "__v": 0
}
]]></system-out>
  </testcase>
  <testcase name="shouldBeAbleToDelete" classname="com.qacart.todo.testcases.TodoTest" time="8.074"/>
</testsuite>